  [1m[35m (1.6ms)[0m  [1m[34mSELECT sqlite_version(*)[0m
  [1m[35m (1.1ms)[0m  [1m[35mCREATE TABLE "schema_migrations" ("version" varchar NOT NULL PRIMARY KEY)[0m
  [1m[35m (1.0ms)[0m  [1m[35mCREATE TABLE "ar_internal_metadata" ("key" varchar NOT NULL PRIMARY KEY, "value" varchar, "created_at" datetime(6) NOT NULL, "updated_at" datetime(6) NOT NULL)[0m
  [1m[35m (0.1ms)[0m  [1m[34mSELECT "schema_migrations"."version" FROM "schema_migrations" ORDER BY "schema_migrations"."version" ASC[0m
Migrating to CreatePosts (20200720135542)
  [1m[35m (0.1ms)[0m  [1m[36mbegin transaction[0m
  [1m[35m (0.3ms)[0m  [1m[35mCREATE TABLE "posts" ("id" integer PRIMARY KEY AUTOINCREMENT NOT NULL, "name" varchar, "message" varchar, "img" varchar, "audio" varchar, "created_at" datetime(6) NOT NULL, "updated_at" datetime(6) NOT NULL)[0m
  [1m[36mprimary::SchemaMigration Create (0.1ms)[0m  [1m[32mINSERT INTO "schema_migrations" ("version") VALUES (?)[0m  [["version", "20200720135542"]]
  [1m[35m (0.8ms)[0m  [1m[36mcommit transaction[0m
  [1m[36mActiveRecord::InternalMetadata Load (0.2ms)[0m  [1m[34mSELECT "ar_internal_metadata".* FROM "ar_internal_metadata" WHERE "ar_internal_metadata"."key" = ? LIMIT ?[0m  [["key", "environment"], ["LIMIT", 1]]
  [1m[35m (0.1ms)[0m  [1m[36mbegin transaction[0m
  [1m[36mActiveRecord::InternalMetadata Create (0.4ms)[0m  [1m[32mINSERT INTO "ar_internal_metadata" ("key", "value", "created_at", "updated_at") VALUES (?, ?, ?, ?)[0m  [["key", "environment"], ["value", "development"], ["created_at", "2020-07-20 13:57:37.791092"], ["updated_at", "2020-07-20 13:57:37.791092"]]
  [1m[35m (0.7ms)[0m  [1m[36mcommit transaction[0m
  [1m[35m (0.1ms)[0m  [1m[34mSELECT sqlite_version(*)[0m
  [1m[35m (0.1ms)[0m  [1m[34mSELECT "schema_migrations"."version" FROM "schema_migrations" ORDER BY "schema_migrations"."version" ASC[0m
  [1m[35m (0.3ms)[0m  [1m[34mSELECT sqlite_version(*)[0m
  [1m[35m (0.1ms)[0m  [1m[34mSELECT "schema_migrations"."version" FROM "schema_migrations" ORDER BY "schema_migrations"."version" ASC[0m
  [1m[35m (0.3ms)[0m  [1m[34mSELECT sqlite_version(*)[0m
  [1m[35m (0.1ms)[0m  [1m[34mSELECT "schema_migrations"."version" FROM "schema_migrations" ORDER BY "schema_migrations"."version" ASC[0m
  [1m[35m (0.4ms)[0m  [1m[34mSELECT sqlite_version(*)[0m
  [1m[35m (0.1ms)[0m  [1m[34mSELECT "schema_migrations"."version" FROM "schema_migrations" ORDER BY "schema_migrations"."version" ASC[0m
  [1m[35m (0.0ms)[0m  [1m[34mSELECT sqlite_version(*)[0m
  [1m[35m (0.6ms)[0m  [1m[34mSELECT sqlite_version(*)[0m
  [1m[36mPost Load (0.2ms)[0m  [1m[34mSELECT "posts".* FROM "posts" LIMIT ?[0m  [["LIMIT", 11]]
  [1m[35m (0.4ms)[0m  [1m[34mSELECT sqlite_version(*)[0m
  [1m[35m (0.1ms)[0m  [1m[34mSELECT "schema_migrations"."version" FROM "schema_migrations" ORDER BY "schema_migrations"."version" ASC[0m
  [1m[35m (0.1ms)[0m  [1m[34mSELECT sqlite_version(*)[0m
  [1m[35m (0.0ms)[0m  [1m[36mbegin transaction[0m
  [1m[36mPost Create (0.4ms)[0m  [1m[32mINSERT INTO "posts" ("name", "message", "created_at", "updated_at") VALUES (?, ?, ?, ?)[0m  [["name", "Fuzz"], ["message", "Happy Birthday Mum! Love you lots!!!"], ["created_at", "2020-07-20 14:01:53.501040"], ["updated_at", "2020-07-20 14:01:53.501040"]]
  [1m[35m (0.6ms)[0m  [1m[36mcommit transaction[0m
  [1m[35m (0.5ms)[0m  [1m[34mSELECT sqlite_version(*)[0m
  [1m[36mPost Load (0.2ms)[0m  [1m[34mSELECT "posts".* FROM "posts" LIMIT ?[0m  [["LIMIT", 11]]
Started GET "/" for ::1 at 2020-07-20 10:02:30 -0400
  [1m[35m (1.0ms)[0m  [1m[34mSELECT sqlite_version(*)[0m
  [1m[35m (0.4ms)[0m  [1m[34mSELECT "schema_migrations"."version" FROM "schema_migrations" ORDER BY "schema_migrations"."version" ASC[0m
Processing by Rails::WelcomeController#index as HTML
  Rendering /Users/maurakelly/.rvm/gems/ruby-2.6.1/gems/railties-6.0.3.2/lib/rails/templates/rails/welcome/index.html.erb
  Rendered /Users/maurakelly/.rvm/gems/ruby-2.6.1/gems/railties-6.0.3.2/lib/rails/templates/rails/welcome/index.html.erb (Duration: 7.4ms | Allocations: 480)
Completed 200 OK in 20ms (Views: 14.7ms | ActiveRecord: 0.0ms | Allocations: 2632)


Started GET "/favicon.ico" for ::1 at 2020-07-20 10:02:30 -0400
  
ActionController::RoutingError (No route matches [GET] "/favicon.ico"):
  
actionpack (6.0.3.2) lib/action_dispatch/middleware/debug_exceptions.rb:36:in `call'
actionpack (6.0.3.2) lib/action_dispatch/middleware/show_exceptions.rb:33:in `call'
railties (6.0.3.2) lib/rails/rack/logger.rb:37:in `call_app'
railties (6.0.3.2) lib/rails/rack/logger.rb:26:in `block in call'
activesupport (6.0.3.2) lib/active_support/tagged_logging.rb:80:in `block in tagged'
activesupport (6.0.3.2) lib/active_support/tagged_logging.rb:28:in `tagged'
activesupport (6.0.3.2) lib/active_support/tagged_logging.rb:80:in `tagged'
railties (6.0.3.2) lib/rails/rack/logger.rb:26:in `call'
actionpack (6.0.3.2) lib/action_dispatch/middleware/remote_ip.rb:81:in `call'
actionpack (6.0.3.2) lib/action_dispatch/middleware/request_id.rb:27:in `call'
rack (2.2.3) lib/rack/runtime.rb:22:in `call'
activesupport (6.0.3.2) lib/active_support/cache/strategy/local_cache_middleware.rb:29:in `call'
actionpack (6.0.3.2) lib/action_dispatch/middleware/executor.rb:14:in `call'
actionpack (6.0.3.2) lib/action_dispatch/middleware/static.rb:126:in `call'
rack (2.2.3) lib/rack/sendfile.rb:110:in `call'
actionpack (6.0.3.2) lib/action_dispatch/middleware/host_authorization.rb:82:in `call'
railties (6.0.3.2) lib/rails/engine.rb:527:in `call'
puma (4.3.5) lib/puma/configuration.rb:228:in `call'
puma (4.3.5) lib/puma/server.rb:713:in `handle_request'
puma (4.3.5) lib/puma/server.rb:472:in `process_client'
puma (4.3.5) lib/puma/server.rb:328:in `block in run'
puma (4.3.5) lib/puma/thread_pool.rb:134:in `block in spawn_thread'
Started GET "/posts" for ::1 at 2020-07-20 10:05:44 -0400
  
ActionController::RoutingError (No route matches [GET] "/posts"):
  
actionpack (6.0.3.2) lib/action_dispatch/middleware/debug_exceptions.rb:36:in `call'
actionpack (6.0.3.2) lib/action_dispatch/middleware/show_exceptions.rb:33:in `call'
railties (6.0.3.2) lib/rails/rack/logger.rb:37:in `call_app'
railties (6.0.3.2) lib/rails/rack/logger.rb:26:in `block in call'
activesupport (6.0.3.2) lib/active_support/tagged_logging.rb:80:in `block in tagged'
activesupport (6.0.3.2) lib/active_support/tagged_logging.rb:28:in `tagged'
activesupport (6.0.3.2) lib/active_support/tagged_logging.rb:80:in `tagged'
railties (6.0.3.2) lib/rails/rack/logger.rb:26:in `call'
actionpack (6.0.3.2) lib/action_dispatch/middleware/remote_ip.rb:81:in `call'
actionpack (6.0.3.2) lib/action_dispatch/middleware/request_id.rb:27:in `call'
rack (2.2.3) lib/rack/runtime.rb:22:in `call'
activesupport (6.0.3.2) lib/active_support/cache/strategy/local_cache_middleware.rb:29:in `call'
actionpack (6.0.3.2) lib/action_dispatch/middleware/executor.rb:14:in `call'
actionpack (6.0.3.2) lib/action_dispatch/middleware/static.rb:126:in `call'
rack (2.2.3) lib/rack/sendfile.rb:110:in `call'
actionpack (6.0.3.2) lib/action_dispatch/middleware/host_authorization.rb:82:in `call'
railties (6.0.3.2) lib/rails/engine.rb:527:in `call'
puma (4.3.5) lib/puma/configuration.rb:228:in `call'
puma (4.3.5) lib/puma/server.rb:713:in `handle_request'
puma (4.3.5) lib/puma/server.rb:472:in `process_client'
puma (4.3.5) lib/puma/server.rb:328:in `block in run'
puma (4.3.5) lib/puma/thread_pool.rb:134:in `block in spawn_thread'
Started GET "//api/v1/posts" for ::1 at 2020-07-20 10:06:00 -0400
  
ActionController::RoutingError (uninitialized constant Api):
  
actionpack (6.0.3.2) lib/action_dispatch/http/request.rb:92:in `rescue in controller_class_for'
actionpack (6.0.3.2) lib/action_dispatch/http/request.rb:88:in `controller_class_for'
actionpack (6.0.3.2) lib/action_dispatch/http/request.rb:81:in `controller_class'
actionpack (6.0.3.2) lib/action_dispatch/routing/route_set.rb:44:in `controller'
actionpack (6.0.3.2) lib/action_dispatch/routing/route_set.rb:31:in `serve'
actionpack (6.0.3.2) lib/action_dispatch/journey/router.rb:49:in `block in serve'
actionpack (6.0.3.2) lib/action_dispatch/journey/router.rb:32:in `each'
actionpack (6.0.3.2) lib/action_dispatch/journey/router.rb:32:in `serve'
actionpack (6.0.3.2) lib/action_dispatch/routing/route_set.rb:834:in `call'
rack (2.2.3) lib/rack/etag.rb:27:in `call'
rack (2.2.3) lib/rack/conditional_get.rb:27:in `call'
rack (2.2.3) lib/rack/head.rb:12:in `call'
activerecord (6.0.3.2) lib/active_record/migration.rb:567:in `call'
actionpack (6.0.3.2) lib/action_dispatch/middleware/callbacks.rb:27:in `block in call'
activesupport (6.0.3.2) lib/active_support/callbacks.rb:101:in `run_callbacks'
actionpack (6.0.3.2) lib/action_dispatch/middleware/callbacks.rb:26:in `call'
actionpack (6.0.3.2) lib/action_dispatch/middleware/executor.rb:14:in `call'
actionpack (6.0.3.2) lib/action_dispatch/middleware/actionable_exceptions.rb:17:in `call'
actionpack (6.0.3.2) lib/action_dispatch/middleware/debug_exceptions.rb:32:in `call'
actionpack (6.0.3.2) lib/action_dispatch/middleware/show_exceptions.rb:33:in `call'
railties (6.0.3.2) lib/rails/rack/logger.rb:37:in `call_app'
railties (6.0.3.2) lib/rails/rack/logger.rb:26:in `block in call'
activesupport (6.0.3.2) lib/active_support/tagged_logging.rb:80:in `block in tagged'
activesupport (6.0.3.2) lib/active_support/tagged_logging.rb:28:in `tagged'
activesupport (6.0.3.2) lib/active_support/tagged_logging.rb:80:in `tagged'
railties (6.0.3.2) lib/rails/rack/logger.rb:26:in `call'
actionpack (6.0.3.2) lib/action_dispatch/middleware/remote_ip.rb:81:in `call'
actionpack (6.0.3.2) lib/action_dispatch/middleware/request_id.rb:27:in `call'
rack (2.2.3) lib/rack/runtime.rb:22:in `call'
activesupport (6.0.3.2) lib/active_support/cache/strategy/local_cache_middleware.rb:29:in `call'
actionpack (6.0.3.2) lib/action_dispatch/middleware/executor.rb:14:in `call'
actionpack (6.0.3.2) lib/action_dispatch/middleware/static.rb:126:in `call'
rack (2.2.3) lib/rack/sendfile.rb:110:in `call'
actionpack (6.0.3.2) lib/action_dispatch/middleware/host_authorization.rb:82:in `call'
railties (6.0.3.2) lib/rails/engine.rb:527:in `call'
puma (4.3.5) lib/puma/configuration.rb:228:in `call'
puma (4.3.5) lib/puma/server.rb:713:in `handle_request'
puma (4.3.5) lib/puma/server.rb:472:in `process_client'
puma (4.3.5) lib/puma/server.rb:328:in `block in run'
puma (4.3.5) lib/puma/thread_pool.rb:134:in `block in spawn_thread'
Started GET "//api/v1/posts" for ::1 at 2020-07-20 10:06:43 -0400
  [1m[35m (0.1ms)[0m  [1m[34mSELECT sqlite_version(*)[0m
  
Zeitwerk::NameError (expected file /Users/maurakelly/Development/code/blog_posts/happy-birthday-mum/backend/app/controllers/api/v1/posts_controller.rb to define constant Api::V1::PostsController, but didn't):
  
zeitwerk (2.4.0) lib/zeitwerk/loader/callbacks.rb:17:in `on_file_autoloaded'
zeitwerk (2.4.0) lib/zeitwerk/kernel.rb:28:in `block in require'
zeitwerk (2.4.0) lib/zeitwerk/kernel.rb:27:in `tap'
zeitwerk (2.4.0) lib/zeitwerk/kernel.rb:27:in `require'
activesupport (6.0.3.2) lib/active_support/inflector/methods.rb:284:in `const_get'
activesupport (6.0.3.2) lib/active_support/inflector/methods.rb:284:in `block in constantize'
activesupport (6.0.3.2) lib/active_support/inflector/methods.rb:280:in `each'
activesupport (6.0.3.2) lib/active_support/inflector/methods.rb:280:in `inject'
activesupport (6.0.3.2) lib/active_support/inflector/methods.rb:280:in `constantize'
activesupport (6.0.3.2) lib/active_support/dependencies/zeitwerk_integration.rb:19:in `constantize'
actionpack (6.0.3.2) lib/action_dispatch/http/request.rb:89:in `controller_class_for'
actionpack (6.0.3.2) lib/action_dispatch/http/parameters.rb:100:in `binary_params_for?'
actionpack (6.0.3.2) lib/action_dispatch/http/parameters.rb:91:in `set_binary_encoding'
actionpack (6.0.3.2) lib/action_dispatch/http/parameters.rb:69:in `path_parameters='
actionpack (6.0.3.2) lib/action_dispatch/journey/router.rb:47:in `block in serve'
actionpack (6.0.3.2) lib/action_dispatch/journey/router.rb:32:in `each'
actionpack (6.0.3.2) lib/action_dispatch/journey/router.rb:32:in `serve'
actionpack (6.0.3.2) lib/action_dispatch/routing/route_set.rb:834:in `call'
rack (2.2.3) lib/rack/etag.rb:27:in `call'
rack (2.2.3) lib/rack/conditional_get.rb:27:in `call'
rack (2.2.3) lib/rack/head.rb:12:in `call'
activerecord (6.0.3.2) lib/active_record/migration.rb:567:in `call'
actionpack (6.0.3.2) lib/action_dispatch/middleware/callbacks.rb:27:in `block in call'
activesupport (6.0.3.2) lib/active_support/callbacks.rb:101:in `run_callbacks'
actionpack (6.0.3.2) lib/action_dispatch/middleware/callbacks.rb:26:in `call'
actionpack (6.0.3.2) lib/action_dispatch/middleware/executor.rb:14:in `call'
actionpack (6.0.3.2) lib/action_dispatch/middleware/actionable_exceptions.rb:17:in `call'
actionpack (6.0.3.2) lib/action_dispatch/middleware/debug_exceptions.rb:32:in `call'
actionpack (6.0.3.2) lib/action_dispatch/middleware/show_exceptions.rb:33:in `call'
railties (6.0.3.2) lib/rails/rack/logger.rb:37:in `call_app'
railties (6.0.3.2) lib/rails/rack/logger.rb:26:in `block in call'
activesupport (6.0.3.2) lib/active_support/tagged_logging.rb:80:in `block in tagged'
activesupport (6.0.3.2) lib/active_support/tagged_logging.rb:28:in `tagged'
activesupport (6.0.3.2) lib/active_support/tagged_logging.rb:80:in `tagged'
railties (6.0.3.2) lib/rails/rack/logger.rb:26:in `call'
actionpack (6.0.3.2) lib/action_dispatch/middleware/remote_ip.rb:81:in `call'
actionpack (6.0.3.2) lib/action_dispatch/middleware/request_id.rb:27:in `call'
rack (2.2.3) lib/rack/runtime.rb:22:in `call'
activesupport (6.0.3.2) lib/active_support/cache/strategy/local_cache_middleware.rb:29:in `call'
actionpack (6.0.3.2) lib/action_dispatch/middleware/executor.rb:14:in `call'
actionpack (6.0.3.2) lib/action_dispatch/middleware/static.rb:126:in `call'
rack (2.2.3) lib/rack/sendfile.rb:110:in `call'
actionpack (6.0.3.2) lib/action_dispatch/middleware/host_authorization.rb:82:in `call'
railties (6.0.3.2) lib/rails/engine.rb:527:in `call'
puma (4.3.5) lib/puma/configuration.rb:228:in `call'
puma (4.3.5) lib/puma/server.rb:713:in `handle_request'
puma (4.3.5) lib/puma/server.rb:472:in `process_client'
puma (4.3.5) lib/puma/server.rb:328:in `block in run'
puma (4.3.5) lib/puma/thread_pool.rb:134:in `block in spawn_thread'
Started GET "//api/v1/posts" for ::1 at 2020-07-20 10:10:27 -0400
  [1m[35m (0.1ms)[0m  [1m[34mSELECT sqlite_version(*)[0m
  
TypeError (superclass mismatch for class PostsController):
  
app/controllers/api/v1/posts_controller.rb:1:in `<main>'
Started GET "//api/v1/posts" for ::1 at 2020-07-20 10:11:29 -0400
  [1m[35m (0.1ms)[0m  [1m[34mSELECT sqlite_version(*)[0m
  
NoMethodError (undefined method `protect_from_forgery' for ApplicationController:Class):
  
app/controllers/application_controller.rb:2:in `<class:ApplicationController>'
app/controllers/application_controller.rb:1:in `<main>'
app/controllers/api/v1/posts_controller.rb:1:in `<main>'
Started GET "//api/v1/posts" for ::1 at 2020-07-20 10:11:38 -0400
  [1m[35m (0.1ms)[0m  [1m[34mSELECT sqlite_version(*)[0m
  
TypeError (superclass mismatch for class PostsController):
  
app/controllers/api/v1/posts_controller.rb:1:in `<main>'
Started GET "//api/v1/posts" for ::1 at 2020-07-20 10:12:17 -0400
  [1m[35m (0.1ms)[0m  [1m[34mSELECT sqlite_version(*)[0m
Processing by Api::V1::PostsController#index as HTML
  [1m[36mPost Load (0.7ms)[0m  [1m[34mSELECT "posts".* FROM "posts"[0m
  ↳ app/controllers/api/v1/posts_controller.rb:4:in `index'
Completed 200 OK in 12ms (Views: 8.3ms | ActiveRecord: 1.3ms | Allocations: 6587)


Started GET "//api/v1/posts" for ::1 at 2020-07-20 10:14:21 -0400
Processing by Api::V1::PostsController#index as HTML
  [1m[36mPost Load (0.1ms)[0m  [1m[34mSELECT "posts".* FROM "posts"[0m
  ↳ app/controllers/api/v1/posts_controller.rb:4:in `index'
Completed 200 OK in 2ms (Views: 1.3ms | ActiveRecord: 0.1ms | Allocations: 949)


Started GET "//api/v1/posts" for ::1 at 2020-07-20 10:15:10 -0400
Processing by Api::V1::PostsController#index as HTML
  [1m[36mPost Load (0.1ms)[0m  [1m[34mSELECT "posts".* FROM "posts"[0m
  ↳ app/controllers/api/v1/posts_controller.rb:4:in `index'
Completed 200 OK in 2ms (Views: 1.2ms | ActiveRecord: 0.1ms | Allocations: 940)


Started GET "//api/v1/posts" for ::1 at 2020-07-20 10:15:48 -0400
Processing by Api::V1::PostsController#index as HTML
  [1m[36mPost Load (0.1ms)[0m  [1m[34mSELECT "posts".* FROM "posts"[0m
  ↳ app/controllers/api/v1/posts_controller.rb:4:in `index'
Completed 200 OK in 2ms (Views: 1.3ms | ActiveRecord: 0.1ms | Allocations: 940)


Started GET "//api/v1/posts" for ::1 at 2020-07-20 10:17:30 -0400
  [1m[35m (0.1ms)[0m  [1m[34mSELECT sqlite_version(*)[0m
Processing by Api::V1::PostsController#index as HTML
  [1m[36mPost Load (0.5ms)[0m  [1m[34mSELECT "posts".* FROM "posts"[0m
  ↳ app/controllers/api/v1/posts_controller.rb:4:in `index'
Completed 200 OK in 11ms (Views: 8.0ms | ActiveRecord: 1.2ms | Allocations: 6166)


Started GET "//api/v1/posts" for ::1 at 2020-07-20 10:19:03 -0400
Processing by Api::V1::PostsController#index as HTML
  [1m[36mPost Load (0.1ms)[0m  [1m[34mSELECT "posts".* FROM "posts"[0m
  ↳ app/controllers/api/v1/posts_controller.rb:4:in `index'
Completed 200 OK in 1ms (Views: 1.1ms | ActiveRecord: 0.1ms | Allocations: 940)


Started GET "/api/v1/posts" for ::1 at 2020-07-20 10:19:31 -0400
Processing by Api::V1::PostsController#index as */*
  [1m[36mPost Load (0.1ms)[0m  [1m[34mSELECT "posts".* FROM "posts"[0m
  ↳ app/controllers/api/v1/posts_controller.rb:4:in `index'
Completed 200 OK in 2ms (Views: 1.8ms | ActiveRecord: 0.1ms | Allocations: 960)


  [1m[35m (0.7ms)[0m  [1m[34mSELECT sqlite_version(*)[0m
  [1m[35m (0.4ms)[0m  [1m[34mSELECT "schema_migrations"."version" FROM "schema_migrations" ORDER BY "schema_migrations"."version" ASC[0m
  [1m[35m (0.0ms)[0m  [1m[34mSELECT sqlite_version(*)[0m
  [1m[36mPost Load (0.4ms)[0m  [1m[34mSELECT "posts".* FROM "posts"[0m
  [1m[35m (0.1ms)[0m  [1m[36mbegin transaction[0m
  [1m[36mPost Destroy (0.3ms)[0m  [1m[31mDELETE FROM "posts" WHERE "posts"."id" = ?[0m  [["id", 1]]
  [1m[35m (0.6ms)[0m  [1m[36mcommit transaction[0m
  [1m[35m (0.0ms)[0m  [1m[36mbegin transaction[0m
  [1m[36mPost Create (0.7ms)[0m  [1m[32mINSERT INTO "posts" ("name", "message", "created_at", "updated_at") VALUES (?, ?, ?, ?)[0m  [["name", "Fuzz"], ["message", "Happy Birthday Mum! Love you lots!!!"], ["created_at", "2020-07-20 14:20:44.573003"], ["updated_at", "2020-07-20 14:20:44.573003"]]
  [1m[35m (0.7ms)[0m  [1m[36mcommit transaction[0m
  [1m[35m (0.4ms)[0m  [1m[34mSELECT sqlite_version(*)[0m
  [1m[36mPost Load (0.1ms)[0m  [1m[34mSELECT "posts".* FROM "posts" LIMIT ?[0m  [["LIMIT", 11]]
  [1m[35m (0.3ms)[0m  [1m[34mSELECT sqlite_version(*)[0m
  [1m[35m (0.1ms)[0m  [1m[34mSELECT "schema_migrations"."version" FROM "schema_migrations" ORDER BY "schema_migrations"."version" ASC[0m
  [1m[35m (0.0ms)[0m  [1m[34mSELECT sqlite_version(*)[0m
  [1m[36mPost Load (0.2ms)[0m  [1m[34mSELECT "posts".* FROM "posts"[0m
  [1m[35m (0.1ms)[0m  [1m[36mbegin transaction[0m
  [1m[36mPost Destroy (0.8ms)[0m  [1m[31mDELETE FROM "posts" WHERE "posts"."id" = ?[0m  [["id", 2]]
  [1m[35m (1.3ms)[0m  [1m[36mcommit transaction[0m
  [1m[35m (0.1ms)[0m  [1m[36mbegin transaction[0m
  [1m[36mPost Create (0.6ms)[0m  [1m[32mINSERT INTO "posts" ("name", "message", "created_at", "updated_at") VALUES (?, ?, ?, ?)[0m  [["name", "Fuzz"], ["message", "Happy Birthday Mum! Love you lots!!!"], ["created_at", "2020-07-20 14:21:12.920204"], ["updated_at", "2020-07-20 14:21:12.920204"]]
  [1m[35m (1.1ms)[0m  [1m[36mcommit transaction[0m
  [1m[35m (0.1ms)[0m  [1m[36mbegin transaction[0m
  [1m[36mPost Create (0.4ms)[0m  [1m[32mINSERT INTO "posts" ("name", "message", "created_at", "updated_at") VALUES (?, ?, ?, ?)[0m  [["name", "Anon"], ["message", "Have a fantastic birthday karen!"], ["created_at", "2020-07-20 14:21:12.926510"], ["updated_at", "2020-07-20 14:21:12.926510"]]
  [1m[35m (0.9ms)[0m  [1m[36mcommit transaction[0m
  [1m[35m (0.5ms)[0m  [1m[34mSELECT sqlite_version(*)[0m
  [1m[36mPost Load (0.2ms)[0m  [1m[34mSELECT "posts".* FROM "posts" LIMIT ?[0m  [["LIMIT", 11]]
Started GET "/api/v1/posts" for ::1 at 2020-07-20 10:21:47 -0400
Processing by Api::V1::PostsController#index as */*
  [1m[36mPost Load (0.1ms)[0m  [1m[34mSELECT "posts".* FROM "posts"[0m
  ↳ app/controllers/api/v1/posts_controller.rb:4:in `index'
Completed 200 OK in 3ms (Views: 2.4ms | ActiveRecord: 0.1ms | Allocations: 1096)


Started GET "//api/v1/posts" for ::1 at 2020-07-20 10:23:05 -0400
  [1m[35m (0.1ms)[0m  [1m[34mSELECT sqlite_version(*)[0m
Processing by Api::V1::PostsController#index as HTML
  [1m[36mPost Load (0.2ms)[0m  [1m[34mSELECT "posts".* FROM "posts"[0m
  ↳ app/controllers/api/v1/posts_controller.rb:4:in `index'
Completed 200 OK in 12ms (Views: 9.1ms | ActiveRecord: 0.6ms | Allocations: 6293)


Started GET "/api/v1/posts" for ::1 at 2020-07-20 10:23:13 -0400
Processing by Api::V1::PostsController#index as */*
  [1m[36mPost Load (0.1ms)[0m  [1m[34mSELECT "posts".* FROM "posts"[0m
  ↳ app/controllers/api/v1/posts_controller.rb:4:in `index'
Completed 200 OK in 2ms (Views: 2.0ms | ActiveRecord: 0.1ms | Allocations: 1120)


Started GET "/api/v1/posts" for ::1 at 2020-07-20 10:23:19 -0400
Processing by Api::V1::PostsController#index as */*
  [1m[36mPost Load (0.2ms)[0m  [1m[34mSELECT "posts".* FROM "posts"[0m
  ↳ app/controllers/api/v1/posts_controller.rb:4:in `index'
Completed 200 OK in 2ms (Views: 1.4ms | ActiveRecord: 0.2ms | Allocations: 1120)


Started GET "/api/v1/posts" for ::1 at 2020-07-20 10:26:00 -0400
Processing by Api::V1::PostsController#index as */*
  [1m[36mPost Load (0.1ms)[0m  [1m[34mSELECT "posts".* FROM "posts"[0m
  ↳ app/controllers/api/v1/posts_controller.rb:4:in `index'
Completed 200 OK in 2ms (Views: 1.4ms | ActiveRecord: 0.1ms | Allocations: 1120)


Started GET "/api/v1/posts" for ::1 at 2020-07-20 10:26:28 -0400
Processing by Api::V1::PostsController#index as */*
  [1m[36mPost Load (0.2ms)[0m  [1m[34mSELECT "posts".* FROM "posts"[0m
  ↳ app/controllers/api/v1/posts_controller.rb:4:in `index'
Completed 200 OK in 2ms (Views: 1.8ms | ActiveRecord: 0.2ms | Allocations: 1120)


Started GET "//api/v1/posts" for ::1 at 2020-07-20 10:28:37 -0400
Processing by Api::V1::PostsController#index as HTML
  [1m[36mPost Load (0.2ms)[0m  [1m[34mSELECT "posts".* FROM "posts"[0m
  ↳ app/controllers/api/v1/posts_controller.rb:4:in `index'
Completed 200 OK in 2ms (Views: 1.6ms | ActiveRecord: 0.2ms | Allocations: 1118)


Started GET "/api/v1/posts" for ::1 at 2020-07-20 10:42:16 -0400
  [1m[35m (0.1ms)[0m  [1m[34mSELECT sqlite_version(*)[0m
Processing by Api::V1::PostsController#index as */*
  [1m[36mPost Load (0.5ms)[0m  [1m[34mSELECT "posts".* FROM "posts"[0m
  ↳ app/controllers/api/v1/posts_controller.rb:4:in `index'
Completed 200 OK in 4ms (Views: 2.7ms | ActiveRecord: 0.5ms | Allocations: 1143)


Started GET "//api/v1/posts" for ::1 at 2020-07-20 10:52:18 -0400
  [1m[35m (0.1ms)[0m  [1m[34mSELECT sqlite_version(*)[0m
Processing by Api::V1::PostsController#index as HTML
  [1m[36mPost Load (0.4ms)[0m  [1m[34mSELECT "posts".* FROM "posts"[0m
  ↳ app/controllers/api/v1/posts_controller.rb:4:in `index'
Completed 200 OK in 2ms (Views: 1.4ms | ActiveRecord: 0.4ms | Allocations: 1140)


Started GET "/api/v1/posts" for ::1 at 2020-07-20 10:56:42 -0400
  [1m[35m (0.1ms)[0m  [1m[34mSELECT sqlite_version(*)[0m
Processing by Api::V1::PostsController#index as */*
  [1m[36mPost Load (0.4ms)[0m  [1m[34mSELECT "posts".* FROM "posts"[0m
  ↳ app/controllers/api/v1/posts_controller.rb:4:in `index'
Completed 200 OK in 17ms (Views: 12.8ms | ActiveRecord: 1.2ms | Allocations: 6328)


Started GET "/api/v1/posts" for ::1 at 2020-07-20 10:57:39 -0400
Processing by Api::V1::PostsController#index as */*
  [1m[36mPost Load (0.1ms)[0m  [1m[34mSELECT "posts".* FROM "posts"[0m
  ↳ app/controllers/api/v1/posts_controller.rb:4:in `index'
Completed 200 OK in 2ms (Views: 1.7ms | ActiveRecord: 0.1ms | Allocations: 1120)


Started GET "/api/v1/posts" for ::1 at 2020-07-20 11:09:10 -0400
  [1m[35m (0.9ms)[0m  [1m[34mSELECT sqlite_version(*)[0m
  [1m[35m (0.4ms)[0m  [1m[34mSELECT "schema_migrations"."version" FROM "schema_migrations" ORDER BY "schema_migrations"."version" ASC[0m
Processing by Api::V1::PostsController#index as */*
  [1m[36mPost Load (0.4ms)[0m  [1m[34mSELECT "posts".* FROM "posts"[0m
  ↳ app/controllers/api/v1/posts_controller.rb:4:in `index'
Completed 200 OK in 12ms (Views: 8.5ms | ActiveRecord: 1.2ms | Allocations: 6651)


Started GET "/api/v1/posts" for ::1 at 2020-07-20 11:10:15 -0400
Processing by Api::V1::PostsController#index as */*
  [1m[36mPost Load (0.1ms)[0m  [1m[34mSELECT "posts".* FROM "posts"[0m
  ↳ app/controllers/api/v1/posts_controller.rb:4:in `index'
Completed 200 OK in 2ms (Views: 1.8ms | ActiveRecord: 0.1ms | Allocations: 1136)


Started GET "/api/v1/posts" for ::1 at 2020-07-20 11:10:49 -0400
Processing by Api::V1::PostsController#index as */*
  [1m[36mPost Load (0.2ms)[0m  [1m[34mSELECT "posts".* FROM "posts"[0m
  ↳ app/controllers/api/v1/posts_controller.rb:4:in `index'
Completed 200 OK in 2ms (Views: 1.7ms | ActiveRecord: 0.2ms | Allocations: 1136)


Started GET "/api/v1/posts?sort=-created-at" for ::1 at 2020-07-20 11:12:55 -0400
Processing by Api::V1::PostsController#index as */*
  Parameters: {"sort"=>"-created-at"}
  [1m[36mPost Load (0.1ms)[0m  [1m[34mSELECT "posts".* FROM "posts"[0m
  ↳ app/controllers/api/v1/posts_controller.rb:4:in `index'
Completed 200 OK in 2ms (Views: 1.6ms | ActiveRecord: 0.1ms | Allocations: 1136)


Started GET "/api/v1/posts?sort=created-at" for ::1 at 2020-07-20 11:13:29 -0400
Processing by Api::V1::PostsController#index as HTML
  Parameters: {"sort"=>"created-at"}
  [1m[36mPost Load (0.3ms)[0m  [1m[34mSELECT "posts".* FROM "posts"[0m
  ↳ app/controllers/api/v1/posts_controller.rb:4:in `index'
Completed 200 OK in 3ms (Views: 1.9ms | ActiveRecord: 0.3ms | Allocations: 1120)


Started GET "/api/v1/posts?sort=-created-at" for ::1 at 2020-07-20 11:16:59 -0400
Processing by Api::V1::PostsController#index as */*
  Parameters: {"sort"=>"-created-at"}
  [1m[36mPost Load (0.1ms)[0m  [1m[34mSELECT "posts".* FROM "posts"[0m
  ↳ app/controllers/api/v1/posts_controller.rb:4:in `index'
Completed 200 OK in 2ms (Views: 1.4ms | ActiveRecord: 0.1ms | Allocations: 1122)


Started GET "/api/v1/posts?sort=-created-at" for ::1 at 2020-07-20 11:22:55 -0400
  [1m[35m (0.1ms)[0m  [1m[34mSELECT sqlite_version(*)[0m
Processing by Api::V1::PostsController#index as */*
  Parameters: {"sort"=>"-created-at"}
  [1m[36mPost Load (0.5ms)[0m  [1m[34mSELECT "posts".* FROM "posts"[0m
  ↳ app/controllers/api/v1/posts_controller.rb:4:in `index'
Completed 200 OK in 3ms (Views: 2.1ms | ActiveRecord: 0.5ms | Allocations: 1143)


Started GET "/api/v1/posts?sort=-created-at" for ::1 at 2020-07-20 11:23:17 -0400
Processing by Api::V1::PostsController#index as */*
  Parameters: {"sort"=>"-created-at"}
  [1m[36mPost Load (0.2ms)[0m  [1m[34mSELECT "posts".* FROM "posts"[0m
  ↳ app/controllers/api/v1/posts_controller.rb:4:in `index'
Completed 200 OK in 2ms (Views: 1.6ms | ActiveRecord: 0.2ms | Allocations: 1136)


Started GET "/api/v1/posts?sort=-created-at" for ::1 at 2020-07-20 11:24:53 -0400
Processing by Api::V1::PostsController#index as */*
  Parameters: {"sort"=>"-created-at"}
  [1m[36mPost Load (0.2ms)[0m  [1m[34mSELECT "posts".* FROM "posts"[0m
  ↳ app/controllers/api/v1/posts_controller.rb:4:in `index'
Completed 200 OK in 3ms (Views: 2.8ms | ActiveRecord: 0.2ms | Allocations: 1121)


Started GET "/api/v1/posts?sort=-created-at" for ::1 at 2020-07-20 11:25:24 -0400
Processing by Api::V1::PostsController#index as */*
  Parameters: {"sort"=>"-created-at"}
  [1m[36mPost Load (0.2ms)[0m  [1m[34mSELECT "posts".* FROM "posts"[0m
  ↳ app/controllers/api/v1/posts_controller.rb:4:in `index'
Completed 200 OK in 4ms (Views: 2.9ms | ActiveRecord: 0.2ms | Allocations: 1121)


Started GET "/api/v1/posts?sort=-created-at" for ::1 at 2020-07-20 11:29:21 -0400
Processing by Api::V1::PostsController#index as */*
  Parameters: {"sort"=>"-created-at"}
  [1m[36mPost Load (0.3ms)[0m  [1m[34mSELECT "posts".* FROM "posts"[0m
  ↳ app/controllers/api/v1/posts_controller.rb:4:in `index'
Completed 200 OK in 3ms (Views: 1.9ms | ActiveRecord: 0.3ms | Allocations: 1121)


Started GET "/api/v1/posts?sort=-created-at" for ::1 at 2020-07-20 11:34:33 -0400
Processing by Api::V1::PostsController#index as */*
  Parameters: {"sort"=>"-created-at"}
  [1m[36mPost Load (0.2ms)[0m  [1m[34mSELECT "posts".* FROM "posts"[0m
  ↳ app/controllers/api/v1/posts_controller.rb:4:in `index'
Completed 200 OK in 2ms (Views: 1.8ms | ActiveRecord: 0.2ms | Allocations: 1121)


Started GET "/api/v1/posts?sort=-created-at" for ::1 at 2020-07-20 11:34:52 -0400
Processing by Api::V1::PostsController#index as */*
  Parameters: {"sort"=>"-created-at"}
  [1m[36mPost Load (0.2ms)[0m  [1m[34mSELECT "posts".* FROM "posts"[0m
  ↳ app/controllers/api/v1/posts_controller.rb:4:in `index'
Completed 200 OK in 3ms (Views: 2.2ms | ActiveRecord: 0.2ms | Allocations: 1121)


Started GET "/api/v1/posts?sort=-created-at" for ::1 at 2020-07-20 11:35:12 -0400
Processing by Api::V1::PostsController#index as */*
  Parameters: {"sort"=>"-created-at"}
  [1m[36mPost Load (0.2ms)[0m  [1m[34mSELECT "posts".* FROM "posts"[0m
  ↳ app/controllers/api/v1/posts_controller.rb:4:in `index'
Completed 200 OK in 2ms (Views: 1.7ms | ActiveRecord: 0.2ms | Allocations: 1121)


Started GET "/api/v1/posts?sort=-created-at" for ::1 at 2020-07-20 11:35:22 -0400
Processing by Api::V1::PostsController#index as */*
  Parameters: {"sort"=>"-created-at"}
  [1m[36mPost Load (0.1ms)[0m  [1m[34mSELECT "posts".* FROM "posts"[0m
  ↳ app/controllers/api/v1/posts_controller.rb:4:in `index'
Completed 200 OK in 2ms (Views: 1.8ms | ActiveRecord: 0.1ms | Allocations: 1121)


Started GET "/api/v1/posts?sort=-created-at" for ::1 at 2020-07-20 11:40:00 -0400
Processing by Api::V1::PostsController#index as */*
  Parameters: {"sort"=>"-created-at"}
  [1m[36mPost Load (0.2ms)[0m  [1m[34mSELECT "posts".* FROM "posts"[0m
  ↳ app/controllers/api/v1/posts_controller.rb:4:in `index'
Completed 200 OK in 3ms (Views: 2.3ms | ActiveRecord: 0.2ms | Allocations: 1121)


Started GET "/api/v1/posts?sort=-created-at" for ::1 at 2020-07-20 11:40:34 -0400
Processing by Api::V1::PostsController#index as */*
  Parameters: {"sort"=>"-created-at"}
  [1m[36mPost Load (0.2ms)[0m  [1m[34mSELECT "posts".* FROM "posts"[0m
  ↳ app/controllers/api/v1/posts_controller.rb:4:in `index'
Completed 200 OK in 3ms (Views: 2.1ms | ActiveRecord: 0.2ms | Allocations: 1121)


Started GET "/api/v1/posts?sort=-created-at" for ::1 at 2020-07-20 11:42:24 -0400
Processing by Api::V1::PostsController#index as */*
  Parameters: {"sort"=>"-created-at"}
  [1m[36mPost Load (0.2ms)[0m  [1m[34mSELECT "posts".* FROM "posts"[0m
  ↳ app/controllers/api/v1/posts_controller.rb:4:in `index'
Completed 200 OK in 3ms (Views: 2.5ms | ActiveRecord: 0.2ms | Allocations: 1121)


Started GET "/api/v1/posts?sort=-created-at" for ::1 at 2020-07-20 11:49:31 -0400
  [1m[35m (0.1ms)[0m  [1m[34mSELECT sqlite_version(*)[0m
Processing by Api::V1::PostsController#index as */*
  Parameters: {"sort"=>"-created-at"}
  [1m[36mPost Load (0.5ms)[0m  [1m[34mSELECT "posts".* FROM "posts"[0m
  ↳ app/controllers/api/v1/posts_controller.rb:4:in `index'
Completed 200 OK in 2ms (Views: 1.6ms | ActiveRecord: 0.5ms | Allocations: 1143)


Started GET "/api/v1/posts?sort=-created-at" for ::1 at 2020-07-20 11:49:40 -0400
Processing by Api::V1::PostsController#index as */*
  Parameters: {"sort"=>"-created-at"}
  [1m[36mPost Load (0.2ms)[0m  [1m[34mSELECT "posts".* FROM "posts"[0m
  ↳ app/controllers/api/v1/posts_controller.rb:4:in `index'
Completed 200 OK in 3ms (Views: 2.2ms | ActiveRecord: 0.2ms | Allocations: 1121)


Started GET "/api/v1/posts?sort=-created-at" for ::1 at 2020-07-20 11:50:01 -0400
Processing by Api::V1::PostsController#index as */*
  Parameters: {"sort"=>"-created-at"}
  [1m[36mPost Load (0.1ms)[0m  [1m[34mSELECT "posts".* FROM "posts"[0m
  ↳ app/controllers/api/v1/posts_controller.rb:4:in `index'
Completed 200 OK in 2ms (Views: 1.8ms | ActiveRecord: 0.1ms | Allocations: 1121)


Started GET "/api/v1/posts?sort=-created-at" for ::1 at 2020-07-20 11:52:25 -0400
Processing by Api::V1::PostsController#index as */*
  Parameters: {"sort"=>"-created-at"}
  [1m[36mPost Load (0.3ms)[0m  [1m[34mSELECT "posts".* FROM "posts"[0m
  ↳ app/controllers/api/v1/posts_controller.rb:4:in `index'
Completed 200 OK in 3ms (Views: 2.3ms | ActiveRecord: 0.3ms | Allocations: 1121)


Started GET "//api/v1/posts" for ::1 at 2020-07-20 11:56:16 -0400
Processing by Api::V1::PostsController#index as HTML
  [1m[36mPost Load (0.2ms)[0m  [1m[34mSELECT "posts".* FROM "posts"[0m
  ↳ app/controllers/api/v1/posts_controller.rb:4:in `index'
Completed 200 OK in 2ms (Views: 1.5ms | ActiveRecord: 0.2ms | Allocations: 1119)


Started GET "/api/v1/posts?sort=-created-at" for ::1 at 2020-07-20 12:21:34 -0400
  [1m[35m (0.1ms)[0m  [1m[34mSELECT sqlite_version(*)[0m
Processing by Api::V1::PostsController#index as */*
  Parameters: {"sort"=>"-created-at"}
  [1m[36mPost Load (0.5ms)[0m  [1m[34mSELECT "posts".* FROM "posts"[0m
  ↳ app/controllers/api/v1/posts_controller.rb:4:in `index'
Completed 200 OK in 3ms (Views: 1.9ms | ActiveRecord: 0.5ms | Allocations: 1143)


Started GET "/api/v1/posts?sort=-created-at" for ::1 at 2020-07-20 12:39:19 -0400
  [1m[35m (1.0ms)[0m  [1m[34mSELECT sqlite_version(*)[0m
  [1m[35m (0.4ms)[0m  [1m[34mSELECT "schema_migrations"."version" FROM "schema_migrations" ORDER BY "schema_migrations"."version" ASC[0m
Processing by Api::V1::PostsController#index as */*
  Parameters: {"sort"=>"-created-at"}
  [1m[36mPost Load (0.5ms)[0m  [1m[34mSELECT "posts".* FROM "posts"[0m
  ↳ app/controllers/api/v1/posts_controller.rb:4:in `index'
Completed 200 OK in 13ms (Views: 9.4ms | ActiveRecord: 1.3ms | Allocations: 6650)


Started GET "/api/v1/posts?sort=-created-at" for ::1 at 2020-07-20 12:42:03 -0400
Processing by Api::V1::PostsController#index as */*
  Parameters: {"sort"=>"-created-at"}
  [1m[36mPost Load (0.2ms)[0m  [1m[34mSELECT "posts".* FROM "posts"[0m
  ↳ app/controllers/api/v1/posts_controller.rb:4:in `index'
Completed 200 OK in 3ms (Views: 2.5ms | ActiveRecord: 0.2ms | Allocations: 1136)


Started GET "/api/v1/posts?sort=-created-at" for ::1 at 2020-07-20 12:45:24 -0400
Processing by Api::V1::PostsController#index as */*
  Parameters: {"sort"=>"-created-at"}
  [1m[36mPost Load (0.2ms)[0m  [1m[34mSELECT "posts".* FROM "posts"[0m
  ↳ app/controllers/api/v1/posts_controller.rb:4:in `index'
Completed 200 OK in 3ms (Views: 2.3ms | ActiveRecord: 0.2ms | Allocations: 1137)


Started GET "/api/v1/posts?sort=-created-at" for ::1 at 2020-07-20 12:46:37 -0400
Processing by Api::V1::PostsController#index as */*
  Parameters: {"sort"=>"-created-at"}
  [1m[36mPost Load (0.3ms)[0m  [1m[34mSELECT "posts".* FROM "posts"[0m
  ↳ app/controllers/api/v1/posts_controller.rb:4:in `index'
Completed 200 OK in 3ms (Views: 2.7ms | ActiveRecord: 0.3ms | Allocations: 1136)


Started GET "/api/v1/posts?sort=-created-at" for ::1 at 2020-07-20 12:47:04 -0400
Processing by Api::V1::PostsController#index as */*
  Parameters: {"sort"=>"-created-at"}
  [1m[36mPost Load (0.1ms)[0m  [1m[34mSELECT "posts".* FROM "posts"[0m
  ↳ app/controllers/api/v1/posts_controller.rb:4:in `index'
Completed 200 OK in 2ms (Views: 1.9ms | ActiveRecord: 0.1ms | Allocations: 1121)


Started GET "/api/v1/posts?sort=-created-at" for ::1 at 2020-07-20 12:47:37 -0400
Processing by Api::V1::PostsController#index as */*
  Parameters: {"sort"=>"-created-at"}
  [1m[36mPost Load (0.3ms)[0m  [1m[34mSELECT "posts".* FROM "posts"[0m
  ↳ app/controllers/api/v1/posts_controller.rb:4:in `index'
Completed 200 OK in 3ms (Views: 2.3ms | ActiveRecord: 0.3ms | Allocations: 1136)


Started GET "/api/v1/posts?sort=-created-at" for ::1 at 2020-07-20 12:48:15 -0400
Processing by Api::V1::PostsController#index as */*
  Parameters: {"sort"=>"-created-at"}
  [1m[36mPost Load (0.1ms)[0m  [1m[34mSELECT "posts".* FROM "posts"[0m
  ↳ app/controllers/api/v1/posts_controller.rb:4:in `index'
Completed 200 OK in 3ms (Views: 2.0ms | ActiveRecord: 0.1ms | Allocations: 1121)


Started GET "/api/v1/posts?sort=-created-at" for ::1 at 2020-07-20 12:49:45 -0400
Processing by Api::V1::PostsController#index as */*
  Parameters: {"sort"=>"-created-at"}
  [1m[36mPost Load (0.2ms)[0m  [1m[34mSELECT "posts".* FROM "posts"[0m
  ↳ app/controllers/api/v1/posts_controller.rb:4:in `index'
Completed 200 OK in 3ms (Views: 2.3ms | ActiveRecord: 0.2ms | Allocations: 1121)


Started GET "/api/v1/posts?sort=-created-at" for ::1 at 2020-07-20 13:01:02 -0400
  [1m[35m (0.5ms)[0m  [1m[34mSELECT sqlite_version(*)[0m
Processing by Api::V1::PostsController#index as */*
  Parameters: {"sort"=>"-created-at"}
  [1m[36mPost Load (0.6ms)[0m  [1m[34mSELECT "posts".* FROM "posts"[0m
  ↳ app/controllers/api/v1/posts_controller.rb:4:in `index'
Completed 200 OK in 11ms (Views: 7.9ms | ActiveRecord: 0.6ms | Allocations: 1143)


Started GET "/api/v1/posts?sort=-created-at" for ::1 at 2020-07-20 13:02:58 -0400
Processing by Api::V1::PostsController#index as */*
  Parameters: {"sort"=>"-created-at"}
  [1m[36mPost Load (0.1ms)[0m  [1m[34mSELECT "posts".* FROM "posts"[0m
  ↳ app/controllers/api/v1/posts_controller.rb:4:in `index'
Completed 200 OK in 3ms (Views: 2.2ms | ActiveRecord: 0.1ms | Allocations: 1121)


Started GET "/api/v1/posts?sort=-created-at" for ::1 at 2020-07-20 13:04:23 -0400
Processing by Api::V1::PostsController#index as */*
  Parameters: {"sort"=>"-created-at"}
  [1m[36mPost Load (0.2ms)[0m  [1m[34mSELECT "posts".* FROM "posts"[0m
  ↳ app/controllers/api/v1/posts_controller.rb:4:in `index'
Completed 200 OK in 3ms (Views: 2.5ms | ActiveRecord: 0.2ms | Allocations: 1121)


Started GET "/api/v1/posts?sort=-created-at" for ::1 at 2020-07-20 13:05:53 -0400
Processing by Api::V1::PostsController#index as */*
  Parameters: {"sort"=>"-created-at"}
  [1m[36mPost Load (0.2ms)[0m  [1m[34mSELECT "posts".* FROM "posts"[0m
  ↳ app/controllers/api/v1/posts_controller.rb:4:in `index'
Completed 200 OK in 4ms (Views: 2.9ms | ActiveRecord: 0.2ms | Allocations: 1121)


Started GET "/api/v1/posts?sort=-created-at" for ::1 at 2020-07-20 13:06:27 -0400
Processing by Api::V1::PostsController#index as */*
  Parameters: {"sort"=>"-created-at"}
  [1m[36mPost Load (0.1ms)[0m  [1m[34mSELECT "posts".* FROM "posts"[0m
  ↳ app/controllers/api/v1/posts_controller.rb:4:in `index'
Completed 200 OK in 3ms (Views: 2.0ms | ActiveRecord: 0.1ms | Allocations: 1121)


Started GET "/api/v1/posts?sort=-created-at" for ::1 at 2020-07-20 13:06:46 -0400
Processing by Api::V1::PostsController#index as */*
  Parameters: {"sort"=>"-created-at"}
  [1m[36mPost Load (0.2ms)[0m  [1m[34mSELECT "posts".* FROM "posts"[0m
  ↳ app/controllers/api/v1/posts_controller.rb:4:in `index'
Completed 200 OK in 3ms (Views: 2.1ms | ActiveRecord: 0.2ms | Allocations: 1121)


Started GET "/api/v1/posts?sort=-created-at" for ::1 at 2020-07-20 13:07:00 -0400
Processing by Api::V1::PostsController#index as */*
  Parameters: {"sort"=>"-created-at"}
  [1m[36mPost Load (0.1ms)[0m  [1m[34mSELECT "posts".* FROM "posts"[0m
  ↳ app/controllers/api/v1/posts_controller.rb:4:in `index'
Completed 200 OK in 2ms (Views: 1.7ms | ActiveRecord: 0.1ms | Allocations: 1121)


Started GET "/api/v1/posts?sort=-created-at" for ::1 at 2020-07-20 13:07:17 -0400
Processing by Api::V1::PostsController#index as */*
  Parameters: {"sort"=>"-created-at"}
  [1m[36mPost Load (0.2ms)[0m  [1m[34mSELECT "posts".* FROM "posts"[0m
  ↳ app/controllers/api/v1/posts_controller.rb:4:in `index'
Completed 200 OK in 2ms (Views: 1.9ms | ActiveRecord: 0.2ms | Allocations: 1121)


Started GET "/api/v1/posts?sort=-created-at" for ::1 at 2020-07-20 13:07:39 -0400
Processing by Api::V1::PostsController#index as */*
  Parameters: {"sort"=>"-created-at"}
  [1m[36mPost Load (0.2ms)[0m  [1m[34mSELECT "posts".* FROM "posts"[0m
  ↳ app/controllers/api/v1/posts_controller.rb:4:in `index'
Completed 200 OK in 3ms (Views: 2.1ms | ActiveRecord: 0.2ms | Allocations: 1121)


Started GET "/api/v1/posts?sort=-created-at" for ::1 at 2020-07-20 13:08:03 -0400
Processing by Api::V1::PostsController#index as */*
  Parameters: {"sort"=>"-created-at"}
  [1m[36mPost Load (0.2ms)[0m  [1m[34mSELECT "posts".* FROM "posts"[0m
  ↳ app/controllers/api/v1/posts_controller.rb:4:in `index'
Completed 200 OK in 3ms (Views: 2.2ms | ActiveRecord: 0.2ms | Allocations: 1121)


Started GET "/api/v1/posts?sort=-created-at" for ::1 at 2020-07-20 13:08:11 -0400
Processing by Api::V1::PostsController#index as */*
  Parameters: {"sort"=>"-created-at"}
  [1m[36mPost Load (0.2ms)[0m  [1m[34mSELECT "posts".* FROM "posts"[0m
  ↳ app/controllers/api/v1/posts_controller.rb:4:in `index'
Completed 200 OK in 3ms (Views: 2.1ms | ActiveRecord: 0.2ms | Allocations: 1121)


Started GET "/api/v1/posts?sort=-created-at" for ::1 at 2020-07-20 13:08:29 -0400
Processing by Api::V1::PostsController#index as */*
  Parameters: {"sort"=>"-created-at"}
  [1m[36mPost Load (0.2ms)[0m  [1m[34mSELECT "posts".* FROM "posts"[0m
  ↳ app/controllers/api/v1/posts_controller.rb:4:in `index'
Completed 200 OK in 3ms (Views: 2.2ms | ActiveRecord: 0.2ms | Allocations: 1121)


Started GET "/api/v1/posts?sort=-created-at" for ::1 at 2020-07-20 13:08:54 -0400
Processing by Api::V1::PostsController#index as */*
  Parameters: {"sort"=>"-created-at"}
  [1m[36mPost Load (0.2ms)[0m  [1m[34mSELECT "posts".* FROM "posts"[0m
  ↳ app/controllers/api/v1/posts_controller.rb:4:in `index'
Completed 200 OK in 3ms (Views: 1.8ms | ActiveRecord: 0.2ms | Allocations: 1121)


Started GET "/api/v1/posts?sort=-created-at" for ::1 at 2020-07-20 13:09:29 -0400
Processing by Api::V1::PostsController#index as */*
  Parameters: {"sort"=>"-created-at"}
  [1m[36mPost Load (0.1ms)[0m  [1m[34mSELECT "posts".* FROM "posts"[0m
  ↳ app/controllers/api/v1/posts_controller.rb:4:in `index'
Completed 200 OK in 2ms (Views: 1.7ms | ActiveRecord: 0.1ms | Allocations: 1121)


Started GET "/api/v1/posts?sort=-created-at" for ::1 at 2020-07-20 13:09:45 -0400
Processing by Api::V1::PostsController#index as */*
  Parameters: {"sort"=>"-created-at"}
  [1m[36mPost Load (0.2ms)[0m  [1m[34mSELECT "posts".* FROM "posts"[0m
  ↳ app/controllers/api/v1/posts_controller.rb:4:in `index'
Completed 200 OK in 2ms (Views: 1.7ms | ActiveRecord: 0.2ms | Allocations: 1121)


Started GET "/api/v1/posts?sort=-created-at" for ::1 at 2020-07-20 13:10:28 -0400
Processing by Api::V1::PostsController#index as */*
  Parameters: {"sort"=>"-created-at"}
  [1m[36mPost Load (0.1ms)[0m  [1m[34mSELECT "posts".* FROM "posts"[0m
  ↳ app/controllers/api/v1/posts_controller.rb:4:in `index'
Completed 200 OK in 3ms (Views: 2.3ms | ActiveRecord: 0.1ms | Allocations: 1121)


Started GET "/api/v1/posts?sort=-created-at" for ::1 at 2020-07-20 13:10:40 -0400
Processing by Api::V1::PostsController#index as */*
  Parameters: {"sort"=>"-created-at"}
  [1m[36mPost Load (0.1ms)[0m  [1m[34mSELECT "posts".* FROM "posts"[0m
  ↳ app/controllers/api/v1/posts_controller.rb:4:in `index'
Completed 200 OK in 3ms (Views: 2.0ms | ActiveRecord: 0.1ms | Allocations: 1121)


Started GET "/api/v1/posts?sort=-created-at" for ::1 at 2020-07-20 13:11:07 -0400
Processing by Api::V1::PostsController#index as */*
  Parameters: {"sort"=>"-created-at"}
  [1m[36mPost Load (0.2ms)[0m  [1m[34mSELECT "posts".* FROM "posts"[0m
  ↳ app/controllers/api/v1/posts_controller.rb:4:in `index'
Completed 200 OK in 3ms (Views: 2.2ms | ActiveRecord: 0.2ms | Allocations: 1121)


Started GET "/api/v1/posts?sort=-created-at" for ::1 at 2020-07-20 13:11:24 -0400
Processing by Api::V1::PostsController#index as */*
  Parameters: {"sort"=>"-created-at"}
  [1m[36mPost Load (0.2ms)[0m  [1m[34mSELECT "posts".* FROM "posts"[0m
  ↳ app/controllers/api/v1/posts_controller.rb:4:in `index'
Completed 200 OK in 2ms (Views: 1.8ms | ActiveRecord: 0.2ms | Allocations: 1121)


Started GET "/api/v1/posts?sort=-created-at" for ::1 at 2020-07-20 13:11:30 -0400
Processing by Api::V1::PostsController#index as */*
  Parameters: {"sort"=>"-created-at"}
  [1m[36mPost Load (0.1ms)[0m  [1m[34mSELECT "posts".* FROM "posts"[0m
  ↳ app/controllers/api/v1/posts_controller.rb:4:in `index'
Completed 200 OK in 3ms (Views: 2.3ms | ActiveRecord: 0.1ms | Allocations: 1121)


Started GET "/api/v1/posts?sort=-created-at" for ::1 at 2020-07-20 13:11:40 -0400
Processing by Api::V1::PostsController#index as */*
  Parameters: {"sort"=>"-created-at"}
  [1m[36mPost Load (0.1ms)[0m  [1m[34mSELECT "posts".* FROM "posts"[0m
  ↳ app/controllers/api/v1/posts_controller.rb:4:in `index'
Completed 200 OK in 2ms (Views: 1.3ms | ActiveRecord: 0.1ms | Allocations: 1121)


Started GET "/api/v1/posts?sort=-created-at" for ::1 at 2020-07-20 13:11:46 -0400
Processing by Api::V1::PostsController#index as */*
  Parameters: {"sort"=>"-created-at"}
  [1m[36mPost Load (0.2ms)[0m  [1m[34mSELECT "posts".* FROM "posts"[0m
  ↳ app/controllers/api/v1/posts_controller.rb:4:in `index'
Completed 200 OK in 3ms (Views: 2.0ms | ActiveRecord: 0.2ms | Allocations: 1121)


Started GET "/api/v1/posts?sort=-created-at" for ::1 at 2020-07-20 13:12:34 -0400
Processing by Api::V1::PostsController#index as */*
  Parameters: {"sort"=>"-created-at"}
  [1m[36mPost Load (0.2ms)[0m  [1m[34mSELECT "posts".* FROM "posts"[0m
  ↳ app/controllers/api/v1/posts_controller.rb:4:in `index'
Completed 200 OK in 3ms (Views: 2.0ms | ActiveRecord: 0.2ms | Allocations: 1121)


Started GET "/api/v1/posts?sort=-created-at" for ::1 at 2020-07-20 13:16:45 -0400
Processing by Api::V1::PostsController#index as */*
  Parameters: {"sort"=>"-created-at"}
  [1m[36mPost Load (0.2ms)[0m  [1m[34mSELECT "posts".* FROM "posts"[0m
  ↳ app/controllers/api/v1/posts_controller.rb:4:in `index'
Completed 200 OK in 4ms (Views: 3.6ms | ActiveRecord: 0.2ms | Allocations: 1121)


Started GET "/api/v1/posts?sort=-created-at" for ::1 at 2020-07-20 13:18:22 -0400
Processing by Api::V1::PostsController#index as */*
  Parameters: {"sort"=>"-created-at"}
  [1m[36mPost Load (0.1ms)[0m  [1m[34mSELECT "posts".* FROM "posts"[0m
  ↳ app/controllers/api/v1/posts_controller.rb:4:in `index'
Completed 200 OK in 2ms (Views: 1.6ms | ActiveRecord: 0.1ms | Allocations: 1121)


Started GET "/api/v1/posts?sort=-created-at" for ::1 at 2020-07-20 13:19:03 -0400
Processing by Api::V1::PostsController#index as */*
  Parameters: {"sort"=>"-created-at"}
  [1m[36mPost Load (0.3ms)[0m  [1m[34mSELECT "posts".* FROM "posts"[0m
  ↳ app/controllers/api/v1/posts_controller.rb:4:in `index'
Completed 200 OK in 3ms (Views: 2.6ms | ActiveRecord: 0.3ms | Allocations: 1121)


Started GET "/api/v1/posts?sort=-created-at" for ::1 at 2020-07-20 13:28:59 -0400
  [1m[35m (0.1ms)[0m  [1m[34mSELECT sqlite_version(*)[0m
Processing by Api::V1::PostsController#index as */*
  Parameters: {"sort"=>"-created-at"}
  [1m[36mPost Load (0.5ms)[0m  [1m[34mSELECT "posts".* FROM "posts"[0m
  ↳ app/controllers/api/v1/posts_controller.rb:4:in `index'
Completed 200 OK in 3ms (Views: 2.1ms | ActiveRecord: 0.5ms | Allocations: 1143)


Started GET "/api/v1/posts?sort=-created-at" for ::1 at 2020-07-20 13:30:10 -0400
Processing by Api::V1::PostsController#index as */*
  Parameters: {"sort"=>"-created-at"}
  [1m[36mPost Load (0.2ms)[0m  [1m[34mSELECT "posts".* FROM "posts"[0m
  ↳ app/controllers/api/v1/posts_controller.rb:4:in `index'
Completed 200 OK in 3ms (Views: 2.5ms | ActiveRecord: 0.2ms | Allocations: 1121)


Started GET "/api/v1/posts?sort=-created-at" for ::1 at 2020-07-20 13:30:59 -0400
Processing by Api::V1::PostsController#index as */*
  Parameters: {"sort"=>"-created-at"}
  [1m[36mPost Load (0.4ms)[0m  [1m[34mSELECT "posts".* FROM "posts"[0m
  ↳ app/controllers/api/v1/posts_controller.rb:4:in `index'
Completed 200 OK in 4ms (Views: 3.2ms | ActiveRecord: 0.4ms | Allocations: 1121)


Started GET "/api/v1/posts?sort=-created-at" for ::1 at 2020-07-20 13:31:44 -0400
Processing by Api::V1::PostsController#index as */*
  Parameters: {"sort"=>"-created-at"}
  [1m[36mPost Load (0.2ms)[0m  [1m[34mSELECT "posts".* FROM "posts"[0m
  ↳ app/controllers/api/v1/posts_controller.rb:4:in `index'
Completed 200 OK in 2ms (Views: 1.6ms | ActiveRecord: 0.2ms | Allocations: 1121)


Started GET "/api/v1/posts?sort=-created-at" for ::1 at 2020-07-20 13:37:36 -0400
  [1m[35m (0.1ms)[0m  [1m[34mSELECT sqlite_version(*)[0m
Processing by Api::V1::PostsController#index as */*
  Parameters: {"sort"=>"-created-at"}
  [1m[36mPost Load (0.7ms)[0m  [1m[34mSELECT "posts".* FROM "posts"[0m
  ↳ app/controllers/api/v1/posts_controller.rb:4:in `index'
Completed 200 OK in 4ms (Views: 2.9ms | ActiveRecord: 0.7ms | Allocations: 1143)


Started GET "/api/v1/posts?sort=-created-at" for ::1 at 2020-07-20 13:38:06 -0400
Processing by Api::V1::PostsController#index as */*
  Parameters: {"sort"=>"-created-at"}
  [1m[36mPost Load (0.3ms)[0m  [1m[34mSELECT "posts".* FROM "posts"[0m
  ↳ app/controllers/api/v1/posts_controller.rb:4:in `index'
Completed 200 OK in 4ms (Views: 2.8ms | ActiveRecord: 0.3ms | Allocations: 1121)


Started GET "/api/v1/posts?sort=-created-at" for ::1 at 2020-07-20 13:39:25 -0400
Processing by Api::V1::PostsController#index as */*
  Parameters: {"sort"=>"-created-at"}
  [1m[36mPost Load (0.2ms)[0m  [1m[34mSELECT "posts".* FROM "posts"[0m
  ↳ app/controllers/api/v1/posts_controller.rb:4:in `index'
Completed 200 OK in 3ms (Views: 2.6ms | ActiveRecord: 0.2ms | Allocations: 1121)


Started GET "/api/v1/posts?sort=-created-at" for ::1 at 2020-07-20 13:39:36 -0400
Processing by Api::V1::PostsController#index as */*
  Parameters: {"sort"=>"-created-at"}
  [1m[36mPost Load (0.2ms)[0m  [1m[34mSELECT "posts".* FROM "posts"[0m
  ↳ app/controllers/api/v1/posts_controller.rb:4:in `index'
Completed 200 OK in 2ms (Views: 1.7ms | ActiveRecord: 0.2ms | Allocations: 1121)


Started GET "/api/v1/posts?sort=-created-at" for ::1 at 2020-07-20 13:40:04 -0400
Processing by Api::V1::PostsController#index as */*
  Parameters: {"sort"=>"-created-at"}
  [1m[36mPost Load (0.1ms)[0m  [1m[34mSELECT "posts".* FROM "posts"[0m
  ↳ app/controllers/api/v1/posts_controller.rb:4:in `index'
Completed 200 OK in 2ms (Views: 1.3ms | ActiveRecord: 0.1ms | Allocations: 1124)


Started GET "/api/v1/posts?sort=-created-at" for ::1 at 2020-07-20 13:40:28 -0400
Processing by Api::V1::PostsController#index as */*
  Parameters: {"sort"=>"-created-at"}
  [1m[36mPost Load (0.3ms)[0m  [1m[34mSELECT "posts".* FROM "posts"[0m
  ↳ app/controllers/api/v1/posts_controller.rb:4:in `index'
Completed 200 OK in 3ms (Views: 2.4ms | ActiveRecord: 0.3ms | Allocations: 1121)


Started GET "/api/v1/posts?sort=-created-at" for ::1 at 2020-07-20 13:41:09 -0400
Processing by Api::V1::PostsController#index as */*
  Parameters: {"sort"=>"-created-at"}
  [1m[36mPost Load (0.2ms)[0m  [1m[34mSELECT "posts".* FROM "posts"[0m
  ↳ app/controllers/api/v1/posts_controller.rb:4:in `index'
Completed 200 OK in 3ms (Views: 2.5ms | ActiveRecord: 0.2ms | Allocations: 1121)


Started GET "/api/v1/posts?sort=-created-at" for ::1 at 2020-07-20 13:41:41 -0400
Processing by Api::V1::PostsController#index as */*
  Parameters: {"sort"=>"-created-at"}
  [1m[36mPost Load (0.2ms)[0m  [1m[34mSELECT "posts".* FROM "posts"[0m
  ↳ app/controllers/api/v1/posts_controller.rb:4:in `index'
Completed 200 OK in 2ms (Views: 1.8ms | ActiveRecord: 0.2ms | Allocations: 1121)


Started GET "/api/v1/posts?sort=-created-at" for ::1 at 2020-07-20 13:41:50 -0400
Processing by Api::V1::PostsController#index as */*
  Parameters: {"sort"=>"-created-at"}
  [1m[36mPost Load (0.3ms)[0m  [1m[34mSELECT "posts".* FROM "posts"[0m
  ↳ app/controllers/api/v1/posts_controller.rb:4:in `index'
Completed 200 OK in 3ms (Views: 2.0ms | ActiveRecord: 0.3ms | Allocations: 1121)


Started GET "/api/v1/posts?sort=-created-at" for ::1 at 2020-07-20 13:43:33 -0400
Processing by Api::V1::PostsController#index as */*
  Parameters: {"sort"=>"-created-at"}
  [1m[36mPost Load (0.1ms)[0m  [1m[34mSELECT "posts".* FROM "posts"[0m
  ↳ app/controllers/api/v1/posts_controller.rb:4:in `index'
Completed 200 OK in 4ms (Views: 3.0ms | ActiveRecord: 0.1ms | Allocations: 1121)


Started GET "/api/v1/posts?sort=-created-at" for ::1 at 2020-07-20 13:44:46 -0400
Processing by Api::V1::PostsController#index as */*
  Parameters: {"sort"=>"-created-at"}
  [1m[36mPost Load (0.1ms)[0m  [1m[34mSELECT "posts".* FROM "posts"[0m
  ↳ app/controllers/api/v1/posts_controller.rb:4:in `index'
Completed 200 OK in 3ms (Views: 2.2ms | ActiveRecord: 0.1ms | Allocations: 1121)


Started GET "/api/v1/posts?sort=-created-at" for ::1 at 2020-07-20 13:45:28 -0400
Processing by Api::V1::PostsController#index as */*
  Parameters: {"sort"=>"-created-at"}
  [1m[36mPost Load (0.2ms)[0m  [1m[34mSELECT "posts".* FROM "posts"[0m
  ↳ app/controllers/api/v1/posts_controller.rb:4:in `index'
Completed 200 OK in 3ms (Views: 2.2ms | ActiveRecord: 0.2ms | Allocations: 1121)


Started GET "/api/v1/posts?sort=-created-at" for ::1 at 2020-07-20 13:45:42 -0400
Processing by Api::V1::PostsController#index as */*
  Parameters: {"sort"=>"-created-at"}
  [1m[36mPost Load (0.2ms)[0m  [1m[34mSELECT "posts".* FROM "posts"[0m
  ↳ app/controllers/api/v1/posts_controller.rb:4:in `index'
Completed 200 OK in 3ms (Views: 2.5ms | ActiveRecord: 0.2ms | Allocations: 1121)


Started GET "/api/v1/posts?sort=-created-at" for ::1 at 2020-07-20 13:46:01 -0400
Processing by Api::V1::PostsController#index as */*
  Parameters: {"sort"=>"-created-at"}
  [1m[36mPost Load (0.1ms)[0m  [1m[34mSELECT "posts".* FROM "posts"[0m
  ↳ app/controllers/api/v1/posts_controller.rb:4:in `index'
Completed 200 OK in 3ms (Views: 2.0ms | ActiveRecord: 0.1ms | Allocations: 1121)


